c:\users\davide mori\desktop\festivalle\codice fest nuovo\builds\visualstudio2017\x64\debug\shared code\beatdetector.obj
c:\users\davide mori\desktop\festivalle\codice fest nuovo\builds\visualstudio2017\x64\debug\shared code\include_juce_audio_formats.obj
c:\users\davide mori\desktop\festivalle\codice fest nuovo\builds\visualstudio2017\x64\debug\shared code\include_juce_core.obj
c:\users\davide mori\desktop\festivalle\codice fest nuovo\builds\visualstudio2017\x64\debug\shared code\include_juce_gui_basics.obj
c:\users\davide mori\desktop\festivalle\codice fest nuovo\builds\visualstudio2017\x64\debug\shared code\spectralcentroid.obj
c:\users\davide mori\desktop\festivalle\codice fest nuovo\builds\visualstudio2017\x64\debug\shared code\include_juce_audio_basics.obj
c:\users\davide mori\desktop\festivalle\codice fest nuovo\builds\visualstudio2017\x64\debug\shared code\include_juce_audio_plugin_client_utils.obj
c:\users\davide mori\desktop\festivalle\codice fest nuovo\builds\visualstudio2017\x64\debug\shared code\include_juce_cryptography.obj
c:\users\davide mori\desktop\festivalle\codice fest nuovo\builds\visualstudio2017\x64\debug\shared code\include_juce_data_structures.obj
c:\users\davide mori\desktop\festivalle\codice fest nuovo\builds\visualstudio2017\x64\debug\shared code\include_juce_events.obj
c:\users\davide mori\desktop\festivalle\codice fest nuovo\builds\visualstudio2017\x64\debug\shared code\include_juce_opengl.obj
c:\users\davide mori\desktop\festivalle\codice fest nuovo\builds\visualstudio2017\x64\debug\shared code\pluginprocessor.obj
c:\users\davide mori\desktop\festivalle\codice fest nuovo\builds\visualstudio2017\x64\debug\shared code\include_juce_audio_processors.obj
c:\users\davide mori\desktop\festivalle\codice fest nuovo\builds\visualstudio2017\x64\debug\shared code\include_juce_dsp.obj
c:\users\davide mori\desktop\festivalle\codice fest nuovo\builds\visualstudio2017\x64\debug\shared code\include_juce_gui_extra.obj
c:\users\davide mori\desktop\festivalle\codice fest nuovo\builds\visualstudio2017\x64\debug\shared code\panfeature.obj
c:\users\davide mori\desktop\festivalle\codice fest nuovo\builds\visualstudio2017\x64\debug\shared code\include_juce_audio_devices.obj
c:\users\davide mori\desktop\festivalle\codice fest nuovo\builds\visualstudio2017\x64\debug\shared code\include_juce_audio_utils.obj
c:\users\davide mori\desktop\festivalle\codice fest nuovo\builds\visualstudio2017\x64\debug\shared code\include_juce_graphics.obj
c:\users\davide mori\desktop\festivalle\codice fest nuovo\builds\visualstudio2017\x64\debug\shared code\festivalle_sharedcode.pdb
c:\users\davide mori\desktop\festivalle\codice fest nuovo\builds\visualstudio2017\x64\debug\shared code\festival.5a2602a1.tlog\cl.11364.write.1.tlog
c:\users\davide mori\desktop\festivalle\codice fest nuovo\builds\visualstudio2017\x64\debug\shared code\festival.5a2602a1.tlog\cl.command.1.tlog
c:\users\davide mori\desktop\festivalle\codice fest nuovo\builds\visualstudio2017\x64\debug\shared code\festival.5a2602a1.tlog\cl.read.1.tlog
